
Showing logs for build [32mcb-kubecd-environment-pr-209-45-bgl9r-1[0m stage [32mfrom-build-pack[0m and container [32mstep-credential-initializer-c2d5d[0m
{"level":"info","ts":1587818341.8582067,"logger":"fallback-logger","caller":"logging/config.go:69","msg":"Fetch GitHub commit ID from kodata failed: open /var/run/ko/refs/heads/0.8.0-ns-support: no such file or directory"}
{"level":"info","ts":1587818341.8620737,"logger":"fallback-logger","caller":"creds-init/main.go:40","msg":"Credentials initialized."}

Showing logs for build [32mcb-kubecd-environment-pr-209-45-bgl9r-1[0m stage [32mfrom-build-pack[0m and container [32mstep-working-dir-initializer-rzrf9[0m
{"level":"info","ts":1587818343.0858176,"logger":"fallback-logger","caller":"logging/config.go:69","msg":"Fetch GitHub commit ID from kodata failed: open /var/run/ko/HEAD: no such file or directory"}
{"level":"info","ts":1587818343.1094134,"logger":"fallback-logger","caller":"bash/main.go:64","msg":"Successfully executed command \"sh -c mkdir -p /workspace/source\"; output "}

Showing logs for build [32mcb-kubecd-environment-pr-209-45-bgl9r-1[0m stage [32mfrom-build-pack[0m and container [32mstep-place-tools[0m

Showing logs for build [32mcb-kubecd-environment-pr-209-45-bgl9r-1[0m stage [32mfrom-build-pack[0m and container [32mstep-git-source-cb-kubecd-environment-pr-209-45-bgl9r-2lrnw[0m
{"level":"info","ts":1587818347.8087602,"logger":"fallback-logger","caller":"logging/config.go:69","msg":"Fetch GitHub commit ID from kodata failed: open /var/run/ko/refs/heads/0.8.0-ns-support: no such file or directory"}
{"level":"info","ts":1587818348.868569,"logger":"fallback-logger","caller":"git/git.go:103","msg":"Successfully cloned https://github.com/cb-kubecd/environment-pr-209-45-boot-gke-staging.git @ master in path /workspace/source"}

Showing logs for build [32mcb-kubecd-environment-pr-209-45-bgl9r-1[0m stage [32mfrom-build-pack[0m and container [32mstep-git-merge[0m
Using SHAs from PULL_REFS=master:8cec5519ad067a4f0ce7a86725e4d1466aa99d0f,1:b314306b9ff4390f59bf117b980d7ff58bd5a114
DEBUG: LC_ALL=C JX_LOG_LEVEL=error git fetch origin --unshallow b314306b9ff4390f59bf117b980d7ff58bd5a114: 8cec5519ad067a4f0ce7a86725e4d1466aa99d0f:
DEBUG: ran git fetch --unshallow origin b314306b9ff4390f59bf117b980d7ff58bd5a114: 8cec5519ad067a4f0ce7a86725e4d1466aa99d0f: in 
DEBUG: LC_ALL=C JX_LOG_LEVEL=error git branch
DEBUG: LC_ALL=C JX_LOG_LEVEL=error git checkout master
DEBUG: ran git checkout master in 
DEBUG: LC_ALL=C JX_LOG_LEVEL=error git reset --hard 8cec5519ad067a4f0ce7a86725e4d1466aa99d0f
DEBUG: ran git reset --hard 8cec5519ad067a4f0ce7a86725e4d1466aa99d0f in 
DEBUG: LC_ALL=C JX_LOG_LEVEL=error git clean -fd .
DEBUG: ran clean --force -d . in 
DEBUG: LC_ALL=C JX_LOG_LEVEL=error git merge b314306b9ff4390f59bf117b980d7ff58bd5a114
DEBUG: ran git merge b314306b9ff4390f59bf117b980d7ff58bd5a114 in 
DEBUG: LC_ALL=C JX_LOG_LEVEL=error git log --format=%H%x1f%an%x1f%ae%x1f%cn%x1f%ce%x1f%s%n%b%x1e 8cec5519ad067a4f0ce7a86725e4d1466aa99d0f..HEAD
Merged SHA b314306b9ff4390f59bf117b980d7ff58bd5a114 with commit message 'chore: Promote bdd-spring-1587817938 to version 0.0.1' into base branch master

Showing logs for build [32mcb-kubecd-environment-pr-209-45-bgl9r-1[0m stage [32mfrom-build-pack[0m and container [32mstep-build-helm-build[0m
WARNING: No $CHART_REPOSITORY defined so using the default value of: http://jenkins-x-chartmuseum:8080
Adding missing Helm repo: storage.googleapis.com https://storage.googleapis.com/chartmuseum.jenkins-x.io
WARNING: No secrets found on "helm/repos" due: reading the secret "helm/repos" from vault: no secret "helm/repos" not found in vault
Read credentials for https://storage.googleapis.com/chartmuseum.jenkins-x.io from vault helm/repos
Successfully added Helm repository storage.googleapis.com.
Adding missing Helm repo: jenkins-x-chartmuseum http://jenkins-x-chartmuseum:8080
WARNING: No secrets found on "helm/repos" due: reading the secret "helm/repos" from vault: no secret "helm/repos" not found in vault
Read credentials for http://jenkins-x-chartmuseum:8080 from vault helm/repos
Successfully added Helm repository jenkins-x-chartmuseum.
WARNING: No $CHART_REPOSITORY defined so using the default value of: http://jenkins-x-chartmuseum:8080
Adding missing Helm repo: chartmuseum.jenkins-x.io http://chartmuseum.jenkins-x.io
WARNING: No secrets found on "helm/repos" due: reading the secret "helm/repos" from vault: no secret "helm/repos" not found in vault
Read credentials for http://chartmuseum.jenkins-x.io from vault helm/repos
Successfully added Helm repository chartmuseum.jenkins-x.io.
