
Showing logs for build [32mcb-kubecd-environment-pr-209-45-nvdpr-1[0m stage [32mfrom-build-pack[0m and container [32mstep-credential-initializer-qbf54[0m
{"level":"info","ts":1587822261.568082,"logger":"fallback-logger","caller":"logging/config.go:69","msg":"Fetch GitHub commit ID from kodata failed: open /var/run/ko/refs/heads/0.8.0-ns-support: no such file or directory"}
{"level":"info","ts":1587822261.5685704,"logger":"fallback-logger","caller":"creds-init/main.go:40","msg":"Credentials initialized."}

Showing logs for build [32mcb-kubecd-environment-pr-209-45-nvdpr-1[0m stage [32mfrom-build-pack[0m and container [32mstep-working-dir-initializer-s76cr[0m
{"level":"info","ts":1587822262.019319,"logger":"fallback-logger","caller":"logging/config.go:69","msg":"Fetch GitHub commit ID from kodata failed: open /var/run/ko/HEAD: no such file or directory"}
{"level":"info","ts":1587822262.0212424,"logger":"fallback-logger","caller":"bash/main.go:64","msg":"Successfully executed command \"sh -c mkdir -p /workspace/source\"; output "}

Showing logs for build [32mcb-kubecd-environment-pr-209-45-nvdpr-1[0m stage [32mfrom-build-pack[0m and container [32mstep-place-tools[0m

Showing logs for build [32mcb-kubecd-environment-pr-209-45-nvdpr-1[0m stage [32mfrom-build-pack[0m and container [32mstep-git-source-cb-kubecd-environment-pr-209-45-nvdpr-98bwx[0m
{"level":"info","ts":1587822267.221836,"logger":"fallback-logger","caller":"logging/config.go:69","msg":"Fetch GitHub commit ID from kodata failed: open /var/run/ko/refs/heads/0.8.0-ns-support: no such file or directory"}
{"level":"info","ts":1587822268.279422,"logger":"fallback-logger","caller":"git/git.go:103","msg":"Successfully cloned https://github.com/cb-kubecd/environment-pr-209-45-boot-gke-staging.git @ master in path /workspace/source"}

Showing logs for build [32mcb-kubecd-environment-pr-209-45-nvdpr-1[0m stage [32mfrom-build-pack[0m and container [32mstep-git-merge[0m
Using SHAs from PULL_REFS=master:aaf47c03e3c7b765e0eaa9ab7327510c233f6ef3,6:aee39602c8d2ec5d02076c18728bb4c3b56d22d3
DEBUG: LC_ALL=C JX_LOG_LEVEL=error git fetch origin --unshallow aee39602c8d2ec5d02076c18728bb4c3b56d22d3: aaf47c03e3c7b765e0eaa9ab7327510c233f6ef3:
DEBUG: ran git fetch --unshallow origin aee39602c8d2ec5d02076c18728bb4c3b56d22d3: aaf47c03e3c7b765e0eaa9ab7327510c233f6ef3: in 
DEBUG: JX_LOG_LEVEL=error LC_ALL=C git branch
DEBUG: LC_ALL=C JX_LOG_LEVEL=error git checkout master
DEBUG: ran git checkout master in 
DEBUG: LC_ALL=C JX_LOG_LEVEL=error git reset --hard aaf47c03e3c7b765e0eaa9ab7327510c233f6ef3
DEBUG: ran git reset --hard aaf47c03e3c7b765e0eaa9ab7327510c233f6ef3 in 
DEBUG: LC_ALL=C JX_LOG_LEVEL=error git clean -fd .
DEBUG: ran clean --force -d . in 
DEBUG: LC_ALL=C JX_LOG_LEVEL=error git merge aee39602c8d2ec5d02076c18728bb4c3b56d22d3
DEBUG: ran git merge aee39602c8d2ec5d02076c18728bb4c3b56d22d3 in 
DEBUG: LC_ALL=C JX_LOG_LEVEL=error git log --format=%H%x1f%an%x1f%ae%x1f%cn%x1f%ce%x1f%s%n%b%x1e aaf47c03e3c7b765e0eaa9ab7327510c233f6ef3..HEAD
Merged SHA aee39602c8d2ec5d02076c18728bb4c3b56d22d3 with commit message 'chore: Promote bdd-ghf**y-import-1587821622 to version 0.0.1' into base branch master

Showing logs for build [32mcb-kubecd-environment-pr-209-45-nvdpr-1[0m stage [32mfrom-build-pack[0m and container [32mstep-build-helm-build[0m
WARNING: No $CHART_REPOSITORY defined so using the default value of: http://jenkins-x-chartmuseum:8080
Adding missing Helm repo: storage.googleapis.com https://storage.googleapis.com/chartmuseum.jenkins-x.io
WARNING: No secrets found on "helm/repos" due: reading the secret "helm/repos" from vault: no secret "helm/repos" not found in vault
Read credentials for https://storage.googleapis.com/chartmuseum.jenkins-x.io from vault helm/repos
Successfully added Helm repository storage.googleapis.com.
Adding missing Helm repo: jenkins-x-chartmuseum http://jenkins-x-chartmuseum:8080
WARNING: No secrets found on "helm/repos" due: reading the secret "helm/repos" from vault: no secret "helm/repos" not found in vault
Read credentials for http://jenkins-x-chartmuseum:8080 from vault helm/repos
Successfully added Helm repository jenkins-x-chartmuseum.
WARNING: No $CHART_REPOSITORY defined so using the default value of: http://jenkins-x-chartmuseum:8080
Adding missing Helm repo: chartmuseum.jenkins-x.io http://chartmuseum.jenkins-x.io
WARNING: No secrets found on "helm/repos" due: reading the secret "helm/repos" from vault: no secret "helm/repos" not found in vault
Read credentials for http://chartmuseum.jenkins-x.io from vault helm/repos
Successfully added Helm repository chartmuseum.jenkins-x.io.
