
Showing logs for build [32mcb-kubecd-environment-pr-209-45-n2szx-1[0m stage [32mfrom-build-pack[0m and container [32mstep-credential-initializer-psl4r[0m
{"level":"info","ts":1587820201.4552836,"logger":"fallback-logger","caller":"logging/config.go:69","msg":"Fetch GitHub commit ID from kodata failed: open /var/run/ko/refs/heads/0.8.0-ns-support: no such file or directory"}
{"level":"info","ts":1587820201.4603024,"logger":"fallback-logger","caller":"creds-init/main.go:40","msg":"Credentials initialized."}

Showing logs for build [32mcb-kubecd-environment-pr-209-45-n2szx-1[0m stage [32mfrom-build-pack[0m and container [32mstep-working-dir-initializer-d2r64[0m
{"level":"info","ts":1587820202.519517,"logger":"fallback-logger","caller":"logging/config.go:69","msg":"Fetch GitHub commit ID from kodata failed: open /var/run/ko/HEAD: no such file or directory"}
{"level":"info","ts":1587820202.5213647,"logger":"fallback-logger","caller":"bash/main.go:64","msg":"Successfully executed command \"sh -c mkdir -p /workspace/source\"; output "}

Showing logs for build [32mcb-kubecd-environment-pr-209-45-n2szx-1[0m stage [32mfrom-build-pack[0m and container [32mstep-place-tools[0m

Showing logs for build [32mcb-kubecd-environment-pr-209-45-n2szx-1[0m stage [32mfrom-build-pack[0m and container [32mstep-git-source-cb-kubecd-environment-pr-209-45-n2szx-4t9v5[0m
{"level":"info","ts":1587820209.2669325,"logger":"fallback-logger","caller":"logging/config.go:69","msg":"Fetch GitHub commit ID from kodata failed: open /var/run/ko/refs/heads/0.8.0-ns-support: no such file or directory"}
{"level":"info","ts":1587820210.294078,"logger":"fallback-logger","caller":"git/git.go:103","msg":"Successfully cloned https://github.com/cb-kubecd/environment-pr-209-45-boot-gke-staging.git @ master in path /workspace/source"}

Showing logs for build [32mcb-kubecd-environment-pr-209-45-n2szx-1[0m stage [32mfrom-build-pack[0m and container [32mstep-git-merge[0m
Using SHAs from PULL_REFS=master:b978e0962bee378edc34a93f966de853128e9e9b,3:9137e4d0db86a5fed61b4ebc864545cd912cb0f7
DEBUG: LC_ALL=C JX_LOG_LEVEL=error git fetch origin --unshallow 9137e4d0db86a5fed61b4ebc864545cd912cb0f7: b978e0962bee378edc34a93f966de853128e9e9b:
DEBUG: ran git fetch --unshallow origin 9137e4d0db86a5fed61b4ebc864545cd912cb0f7: b978e0962bee378edc34a93f966de853128e9e9b: in 
DEBUG: LC_ALL=C JX_LOG_LEVEL=error git branch
DEBUG: LC_ALL=C JX_LOG_LEVEL=error git checkout master
DEBUG: ran git checkout master in 
DEBUG: LC_ALL=C JX_LOG_LEVEL=error git reset --hard b978e0962bee378edc34a93f966de853128e9e9b
DEBUG: ran git reset --hard b978e0962bee378edc34a93f966de853128e9e9b in 
DEBUG: JX_LOG_LEVEL=error LC_ALL=C git clean -fd .
DEBUG: ran clean --force -d . in 
DEBUG: LC_ALL=C JX_LOG_LEVEL=error git merge 9137e4d0db86a5fed61b4ebc864545cd912cb0f7
DEBUG: ran git merge 9137e4d0db86a5fed61b4ebc864545cd912cb0f7 in 
DEBUG: LC_ALL=C JX_LOG_LEVEL=error git log --format=%H%x1f%an%x1f%ae%x1f%cn%x1f%ce%x1f%s%n%b%x1e b978e0962bee378edc34a93f966de853128e9e9b..HEAD
Merged SHA 9137e4d0db86a5fed61b4ebc864545cd912cb0f7 with commit message 'chore: Promote bdd-sbhg-1587819099 to version 0.0.1' into base branch master

Showing logs for build [32mcb-kubecd-environment-pr-209-45-n2szx-1[0m stage [32mfrom-build-pack[0m and container [32mstep-build-helm-build[0m
WARNING: No $CHART_REPOSITORY defined so using the default value of: http://jenkins-x-chartmuseum:8080
Adding missing Helm repo: storage.googleapis.com https://storage.googleapis.com/chartmuseum.jenkins-x.io
WARNING: No secrets found on "helm/repos" due: reading the secret "helm/repos" from vault: no secret "helm/repos" not found in vault
Read credentials for https://storage.googleapis.com/chartmuseum.jenkins-x.io from vault helm/repos
Successfully added Helm repository storage.googleapis.com.
Adding missing Helm repo: jenkins-x-chartmuseum http://jenkins-x-chartmuseum:8080
WARNING: No secrets found on "helm/repos" due: reading the secret "helm/repos" from vault: no secret "helm/repos" not found in vault
Read credentials for http://jenkins-x-chartmuseum:8080 from vault helm/repos
Successfully added Helm repository jenkins-x-chartmuseum.
WARNING: No $CHART_REPOSITORY defined so using the default value of: http://jenkins-x-chartmuseum:8080
Adding missing Helm repo: chartmuseum.jenkins-x.io http://chartmuseum.jenkins-x.io
WARNING: No secrets found on "helm/repos" due: reading the secret "helm/repos" from vault: no secret "helm/repos" not found in vault
Read credentials for http://chartmuseum.jenkins-x.io from vault helm/repos
Successfully added Helm repository chartmuseum.jenkins-x.io.
